#
# A fatal error has been detected by the Java Runtime Environment:
#
#  SIGSEGV (0xb) at pc=0x000000010cf85086, pid=8308, tid=0x0000000000004803
#
# JRE version: OpenJDK Runtime Environment (8.0_152-b01) (build 1.8.0_152-release-1024-b01)
# Java VM: OpenJDK 64-Bit Server VM (25.152-b01 mixed mode bsd-amd64 compressed oops)
# Problematic frame:
# V  [libjvm.dylib+0x185086]  CodeCache::next_nmethod(CodeBlob*)+0xe
#
# Failed to write core dump. Core dumps have been disabled. To enable core dumping, try "ulimit -c unlimited" before starting Java again
#
# If you would like to submit a bug report, please visit:
#   http://bugreport.java.com/bugreport/crash.jsp
#

---------------  T H R E A D  ---------------

Current thread (0x00007fdf84814000):  JavaThread "C1 CompilerThread2" daemon [_thread_in_vm, id=18435, stack(0x000070000887d000,0x000070000897d000)]

siginfo: si_signo: 11 (SIGSEGV), si_code: 1 (SEGV_MAPERR), si_addr: 0x00000001834103ca

Registers:
RAX=0x00000001834103c2, RBX=0x000000011076a6d0, RCX=0x0000000000000006, RDX=0x0000000001d0a6c0
RSP=0x000070000897cbd0, RBP=0x000070000897cbe0, RSI=0x000000011076a6d0, RDI=0x000000011076a6d0
R8 =0x000000010ea60000, R9 =0x000000010d5f7680, R10=0x000000010d5f2dfb, R11=0x000000010d5f2dfb
R12=0x000070000897cc20, R13=0x0000000000000319, R14=0x0000000000000000, R15=0x000000000000013d
RIP=0x000000010cf85086, EFLAGS=0x0000000000010202, ERR=0x0000000000000004
  TRAPNO=0x000000000000000e

Top of Stack: (sp=0x000070000897cbd0)
0x000070000897cbd0:   0000000000000000 000000011076a250
0x000070000897cbe0:   000070000897cc90 000000010d2d7b8c
0x000070000897cbf0:   00007fdf82d0c568 00007fdf82d0b4f0
0x000070000897cc00:   00007fdf82d0c180 00007fdf82d0c1c0
0x000070000897cc10:   00007fdf82d0c568 00000000000003d8
0x000070000897cc20:   00007fdf82d00b50 0000000000000001
0x000070000897cc30:   0000000000000000 00007fdf82feef60
0x000070000897cc40:   0000000123e433a8 00007fdf84814000
0x000070000897cc50:   00007fdf82d00b50 0000008529f33b60
0x000070000897cc60:   00007fdf84814000 000000000c8e8340
0x000070000897cc70:   00007fdf82c0cf50 0000000000000000
0x000070000897cc80:   00007fdf84814000 000070000897cd00
0x000070000897cc90:   000070000897ccb0 000000010d2d794f
0x000070000897cca0:   000000000c8e8340 00007fdf84814000
0x000070000897ccb0:   000070000897ccf0 000000010cf9d440
0x000070000897ccc0:   000000010d5cf5b8 000000000c8e8340
0x000070000897ccd0:   00007fdf82f01440 0000000000000000
0x000070000897cce0:   00007fdf84814000 000070000897cd00
0x000070000897ccf0:   000070000897cdd0 000000010cf9fb60
0x000070000897cd00:   00007fdf84814000 00007fdf82d0c570
0x000070000897cd10:   00007fdf82d0c5b0 00007fdf82d0c5c0
0x000070000897cd20:   00007fdf82d0c698 00000000000000d8
0x000070000897cd30:   000070000897cde0 00007fdf82d0b4f0
0x000070000897cd40:   00007fdf82d0c180 00007fdf82d0c190
0x000070000897cd50:   00007fdf82d0c568 00000000000003d8
0x000070000897cd60:   00000000000000a6 0000008529ec8053
0x000070000897cd70:   000070000897cd00 00007fdf82d0c100
0x000070000897cd80:   0000000000000000 00007fdf82d0c140
0x000070000897cd90:   0000000123e433a8 00007fdf82c0cf50
0x000070000897cda0:   000000010f808c50 00007fdf84814000
0x000070000897cdb0:   0000000000000012 0000000000000007
0x000070000897cdc0:   000070000897cde0 00007fdf82d0c190 

Instructions: (pc=0x000000010cf85086)
0x000000010cf85066:   48 85 db 75 e3 31 db 48 89 d8 48 83 c4 08 5b 5d
0x000000010cf85076:   c3 90 55 48 89 e5 53 50 eb 10 48 8b 03 48 89 df
0x000000010cf85086:   ff 50 08 84 c0 75 12 48 89 df e8 e3 fe ff ff 48
0x000000010cf85096:   89 c3 48 85 db 75 e3 31 db 48 89 d8 48 83 c4 08 

Register to memory mapping:

RAX=0x00000001834103c2 is an unknown value
RBX=
[error occurred during error reporting (printing register info), id 0xb]

Stack: [0x000070000887d000,0x000070000897d000],  sp=0x000070000897cbd0,  free space=1022k
Native frames: (J=compiled Java code, j=interpreted, Vv=VM code, C=native code)
V  [libjvm.dylib+0x185086]  CodeCache::next_nmethod(CodeBlob*)+0xe
V  [libjvm.dylib+0x4d7b8c]  NMethodSweeper::sweep_code_cache()+0x1a8
V  [libjvm.dylib+0x4d794f]  NMethodSweeper::possibly_sweep()+0x10b
V  [libjvm.dylib+0x19d440]  CompileQueue::get()+0x16
V  [libjvm.dylib+0x19fb60]  CompileBroker::compiler_thread_loop()+0x158
V  [libjvm.dylib+0x505e88]  JavaThread::thread_main_inner()+0x82
V  [libjvm.dylib+0x505d4d]  JavaThread::run()+0x199
V  [libjvm.dylib+0x435709]  java_start(Thread*)+0xfa
C  [libsystem_pthread.dylib+0x36c1]  _pthread_body+0x154
C  [libsystem_pthread.dylib+0x356d]  _pthread_body+0x0
C  [libsystem_pthread.dylib+0x2c5d]  thread_start+0xd
C  0x0000000000000000


---------------  P R O C E S S  ---------------

Java Threads: ( => current thread )
  0x00007fdf84528000 JavaThread "build operations Thread 4" [_thread_blocked, id=27167, stack(0x0000700009ab3000,0x0000700009bb3000)]
  0x00007fdf87e41800 JavaThread "build operations Thread 3" [_thread_blocked, id=22819, stack(0x00007000099b0000,0x0000700009ab0000)]
  0x00007fdf8a460000 JavaThread "build operations Thread 2" [_thread_blocked, id=41259, stack(0x00007000098ad000,0x00007000099ad000)]
  0x00007fdf88ac8000 JavaThread "build operations" [_thread_blocked, id=17687, stack(0x00007000097aa000,0x00007000098aa000)]
  0x00007fdf88c11000 JavaThread "Cache worker for Artifact transforms cache (/Users/sarahkurdoghlian/.gradle/caches/transforms-1)" [_thread_blocked, id=42047, stack(0x00007000096a7000,0x00007000097a7000)]
  0x00007fdf888c8000 JavaThread "Cache worker for file hash cache (/Users/sarahkurdoghlian/AndroidStudioProjects/MyFirstApp/.gradle/4.4/fileHashes)" [_thread_blocked, id=43303, stack(0x00007000095a4000,0x00007000096a4000)]
  0x00007fdf849dc000 JavaThread "Stdin handler" [_thread_blocked, id=41003, stack(0x000070000929b000,0x000070000939b000)]
  0x00007fdf87e40000 JavaThread "Asynchronous log dispatcher for DefaultDaemonConnection: socket connection from /127.0.0.1:52766 to /127.0.0.1:53417" [_thread_blocked, id=43059, stack(0x0000700009198000,0x0000700009298000)]
  0x00007fdf84a57000 JavaThread "Daemon worker Thread 6" [_thread_in_Java, id=22059, stack(0x0000700009095000,0x0000700009195000)]
  0x00007fdf8890e800 JavaThread "Cancel handler" [_thread_blocked, id=26167, stack(0x0000700008f92000,0x0000700009092000)]
  0x00007fdf84a56000 JavaThread "Handler for socket connection from /127.0.0.1:52766 to /127.0.0.1:53417" [_thread_in_native, id=21795, stack(0x0000700008e8f000,0x0000700008f8f000)]
  0x00007fdf849d1800 JavaThread "Daemon Thread 6" [_thread_blocked, id=43819, stack(0x0000700008d8c000,0x0000700008e8c000)]
  0x00007fdf87df0000 JavaThread "RMI TCP Connection(idle)" daemon [_thread_blocked, id=45083, stack(0x000070000aae3000,0x000070000abe3000)]
  0x00007fdf88ca4000 JavaThread "RMI TCP Connection(idle)" daemon [_thread_blocked, id=30003, stack(0x000070000a9e0000,0x000070000aae0000)]
  0x00007fdf85c98800 JavaThread "RMI TCP Connection(idle)" daemon [_thread_blocked, id=31539, stack(0x000070000a8dd000,0x000070000a9dd000)]
  0x00007fdf88a38800 JavaThread "RMI Reaper" [_thread_blocked, id=28939, stack(0x000070000a6d7000,0x000070000a7d7000)]
  0x00007fdf88913000 JavaThread "RMI TCP Accept-0" daemon [_thread_in_native, id=29707, stack(0x000070000a5d4000,0x000070000a6d4000)]
  0x00007fdf869e2000 JavaThread "GC Daemon" daemon [_thread_blocked, id=29451, stack(0x000070000a4d1000,0x000070000a5d1000)]
  0x00007fdf8423f800 JavaThread "RMI Scheduler(0)" daemon [_thread_blocked, id=25615, stack(0x000070000a2cb000,0x000070000a3cb000)]
  0x00007fdf88d02000 JavaThread "process reaper" daemon [_thread_in_native, id=36867, stack(0x0000700007bd3000,0x0000700007bfb000)]
  0x00007fdf888cf800 JavaThread "Memory manager" [_thread_blocked, id=13575, stack(0x0000700009bb6000,0x0000700009cb6000)]
  0x00007fdf83480800 JavaThread "File lock request listener" [_thread_in_native, id=23555, stack(0x00007000094a1000,0x00007000095a1000)]
  0x00007fdf8404f800 JavaThread "Cache worker for file hash cache (/Users/sarahkurdoghlian/.gradle/caches/4.4/fileHashes)" [_thread_blocked, id=23043, stack(0x000070000939e000,0x000070000949e000)]
  0x00007fdf842e0000 JavaThread "Daemon periodic checks" [_thread_blocked, id=17923, stack(0x0000700008c89000,0x0000700008d89000)]
  0x00007fdf84cc3800 JavaThread "Incoming local TCP Connector on port 52766" [_thread_in_native, id=16131, stack(0x0000700008b86000,0x0000700008c86000)]
  0x00007fdf8482c800 JavaThread "Service Thread" daemon [_thread_blocked, id=15363, stack(0x0000700008980000,0x0000700008a80000)]
=>0x00007fdf84814000 JavaThread "C1 CompilerThread2" daemon [_thread_in_vm, id=18435, stack(0x000070000887d000,0x000070000897d000)]
  0x00007fdf84013800 JavaThread "C2 CompilerThread1" daemon [_thread_in_native, id=14851, stack(0x000070000877a000,0x000070000887a000)]
  0x00007fdf84011000 JavaThread "C2 CompilerThread0" daemon [_thread_in_native, id=14339, stack(0x0000700008677000,0x0000700008777000)]
  0x00007fdf83825800 JavaThread "Signal Dispatcher" daemon [_thread_blocked, id=13827, stack(0x0000700008574000,0x0000700008674000)]
  0x00007fdf8403b800 JavaThread "Finalizer" daemon [_thread_blocked, id=20483, stack(0x00007000083ee000,0x00007000084ee000)]
  0x00007fdf83015000 JavaThread "Reference Handler" daemon [_thread_blocked, id=20995, stack(0x00007000082eb000,0x00007000083eb000)]
  0x00007fdf84805800 JavaThread "main" [_thread_blocked, id=9731, stack(0x0000700007cd9000,0x0000700007dd9000)]

Other Threads:
  0x00007fdf83823000 VMThread [stack: 0x00007000081e8000,0x00007000082e8000] [id=11267]
  0x00007fdf84012000 WatcherThread [stack: 0x0000700008a83000,0x0000700008b83000] [id=18179]

VM state:not at safepoint (normal execution)

VM Mutex/Monitor currently owned by a thread:  ([mutex/lock_event])
[0x00007fdf82d00b50] CodeCache_lock - owner thread: 0x00007fdf84814000

Heap:
 PSYoungGen      total 414720K, used 292811K [0x00000007a0000000, 0x00000007bc200000, 0x00000007c0000000)
  eden space 408064K, 70% used [0x00000007a0000000,0x00000007b17a52e0,0x00000007b8e80000)
  from space 6656K, 96% used [0x00000007bbb80000,0x00000007bc1cdca8,0x00000007bc200000)
  to   space 21504K, 0% used [0x00000007b9800000,0x00000007b9800000,0x00000007bad00000)
 ParOldGen       total 139776K, used 48297K [0x0000000760000000, 0x0000000768880000, 0x00000007a0000000)
  object space 139776K, 34% used [0x0000000760000000,0x0000000762f2a4d8,0x0000000768880000)
 Metaspace       used 85462K, capacity 90716K, committed 90840K, reserved 1128448K
  class space    used 11284K, capacity 12236K, committed 12288K, reserved 1048576K

Card table byte_map: [0x000000010dc28000,0x000000010df29000] byte_map_base: 0x000000010a128000

Marking Bits: (ParMarkBitMap*) 0x000000010d5f81c8
 Begin Bits: [0x000000011da60000, 0x000000011f260000)
 End Bits:   [0x000000011f260000, 0x0000000120a60000)

Polling page: 0x000000010c57e000

CodeCache: size=245760Kb used=40031Kb max_used=40041Kb free=205728Kb
 bounds [0x000000010ea60000, 0x00000001111e0000, 0x000000011da60000]
 total_blobs=13538 nmethods=12669 adapters=782
 compilation: enabled

Compilation events (10 events):
Event: 571.735 Thread 0x00007fdf84013800 nmethod 16274 0x000000010f8e3550 code [0x000000010f8e37c0, 0x000000010f8e49e0]
Event: 571.735 Thread 0x00007fdf84013800 16276   !   4       org.gradle.cache.internal.DefaultCacheAccess::useCache (191 bytes)
Event: 571.760 Thread 0x00007fdf84814000 16279       3       org.gradle.api.internal.artifacts.ivyservice.resolveengine.graph.builder.DependencyGraphBuilder::traverseGraph (151 bytes)
Event: 571.773 Thread 0x00007fdf84814000 nmethod 16279 0x000000010f8df150 code [0x000000010f8df5a0, 0x000000010f8e1cc8]
Event: 571.858 Thread 0x00007fdf84814000 16281       1       org.gradle.api.internal.artifacts.ivyservice.resolveengine.oldresult.ResolutionFailureCollector::visitEdges (1 bytes)
Event: 571.867 Thread 0x00007fdf84814000 nmethod 16281 0x000000010faf5010 code [0x000000010faf5160, 0x000000010faf5270]
Event: 571.925 Thread 0x00007fdf84814000 16280       1       org.gradle.api.internal.artifacts.ivyservice.resolveengine.artifact.DefaultResolvedArtifactsBuilder::visitNode (1 bytes)
Event: 571.925 Thread 0x00007fdf84814000 nmethod 16280 0x00000001106743d0 code [0x0000000110674520, 0x0000000110674630]
Event: 571.934 Thread 0x00007fdf84814000 16283       1       org.codehaus.groovy.reflection.stdclasses.CachedClosureClass::getParameterTypes (5 bytes)
Event: 571.934 Thread 0x00007fdf84814000 nmethod 16283 0x000000010f808c50 code [0x000000010f808da0, 0x000000010f808eb0]

GC Heap History (10 events):
Event: 214.432 GC heap before
{Heap before GC invocations=19 (full 3):
 PSYoungGen      total 347136K, used 328592K [0x00000007a0000000, 0x00000007bc100000, 0x00000007c0000000)
  eden space 323072K, 100% used [0x00000007a0000000,0x00000007b3b80000,0x00000007b3b80000)
  from space 24064K, 22% used [0x00000007b3b80000,0x00000007b40e4060,0x00000007b5300000)
  to   space 24064K, 0% used [0x00000007ba980000,0x00000007ba980000,0x00000007bc100000)
 ParOldGen       total 139776K, used 48257K [0x0000000760000000, 0x0000000768880000, 0x00000007a0000000)
  object space 139776K, 34% used [0x0000000760000000,0x0000000762f204d8,0x0000000768880000)
 Metaspace       used 83775K, capacity 87874K, committed 88024K, reserved 1126400K
  class space    used 11108K, capacity 11917K, committed 12032K, reserved 1048576K
Event: 214.484 GC heap after
Heap after GC invocations=19 (full 3):
 PSYoungGen      total 411136K, used 6049K [0x00000007a0000000, 0x00000007bb500000, 0x00000007c0000000)
  eden space 399360K, 0% used [0x00000007a0000000,0x00000007a0000000,0x00000007b8600000)
  from space 11776K, 51% used [0x00000007ba980000,0x00000007baf68468,0x00000007bb500000)
  to   space 24064K, 0% used [0x00000007b8600000,0x00000007b8600000,0x00000007b9d80000)
 ParOldGen       total 139776K, used 48265K [0x0000000760000000, 0x0000000768880000, 0x00000007a0000000)
  object space 139776K, 34% used [0x0000000760000000,0x0000000762f224d8,0x0000000768880000)
 Metaspace       used 83775K, capacity 87874K, committed 88024K, reserved 1126400K
  class space    used 11108K, capacity 11917K, committed 12032K, reserved 1048576K
}
Event: 263.964 GC heap before
{Heap before GC invocations=20 (full 3):
 PSYoungGen      total 411136K, used 405409K [0x00000007a0000000, 0x00000007bb500000, 0x00000007c0000000)
  eden space 399360K, 100% used [0x00000007a0000000,0x00000007b8600000,0x00000007b8600000)
  from space 11776K, 51% used [0x00000007ba980000,0x00000007baf68468,0x00000007bb500000)
  to   space 24064K, 0% used [0x00000007b8600000,0x00000007b8600000,0x00000007b9d80000)
 ParOldGen       total 139776K, used 48265K [0x0000000760000000, 0x0000000768880000, 0x00000007a0000000)
  object space 139776K, 34% used [0x0000000760000000,0x0000000762f224d8,0x0000000768880000)
 Metaspace       used 84073K, capacity 88264K, committed 88536K, reserved 1126400K
  class space    used 11120K, capacity 11938K, committed 12032K, reserved 1048576K
Event: 264.003 GC heap after
Heap after GC invocations=20 (full 3):
 PSYoungGen      total 423424K, used 6588K [0x00000007a0000000, 0x00000007be780000, 0x00000007c0000000)
  eden space 399360K, 0% used [0x00000007a0000000,0x00000007a0000000,0x00000007b8600000)
  from space 24064K, 27% used [0x00000007b8600000,0x00000007b8c6f230,0x00000007b9d80000)
  to   space 23552K, 0% used [0x00000007bd080000,0x00000007bd080000,0x00000007be780000)
 ParOldGen       total 139776K, used 48273K [0x0000000760000000, 0x0000000768880000, 0x00000007a0000000)
  object space 139776K, 34% used [0x0000000760000000,0x0000000762f244d8,0x0000000768880000)
 Metaspace       used 84073K, capacity 88264K, committed 88536K, reserved 1126400K
  class space    used 11120K, capacity 11938K, committed 12032K, reserved 1048576K
}
Event: 339.572 GC heap before
{Heap before GC invocations=21 (full 3):
 PSYoungGen      total 423424K, used 405948K [0x00000007a0000000, 0x00000007be780000, 0x00000007c0000000)
  eden space 399360K, 100% used [0x00000007a0000000,0x00000007b8600000,0x00000007b8600000)
  from space 24064K, 27% used [0x00000007b8600000,0x00000007b8c6f230,0x00000007b9d80000)
  to   space 23552K, 0% used [0x00000007bd080000,0x00000007bd080000,0x00000007be780000)
 ParOldGen       total 139776K, used 48273K [0x0000000760000000, 0x0000000768880000, 0x00000007a0000000)
  object space 139776K, 34% used [0x0000000760000000,0x0000000762f244d8,0x0000000768880000)
 Metaspace       used 84517K, capacity 89078K, committed 89304K, reserved 1126400K
  class space    used 11172K, capacity 12031K, committed 12032K, reserved 1048576K
Event: 339.602 GC heap after
Heap after GC invocations=21 (full 3):
 PSYoungGen      total 455168K, used 7591K [0x00000007a0000000, 0x00000007bdc80000, 0x00000007c0000000)
  eden space 442880K, 0% used [0x00000007a0000000,0x00000007a0000000,0x00000007bb080000)
  from space 12288K, 61% used [0x00000007bd080000,0x00000007bd7e9c58,0x00000007bdc80000)
  to   space 22528K, 0% used [0x00000007bb080000,0x00000007bb080000,0x00000007bc680000)
 ParOldGen       total 139776K, used 48281K [0x0000000760000000, 0x0000000768880000, 0x00000007a0000000)
  object space 139776K, 34% used [0x0000000760000000,0x0000000762f264d8,0x0000000768880000)
 Metaspace       used 84517K, capacity 89078K, committed 89304K, reserved 1126400K
  class space    used 11172K, capacity 12031K, committed 12032K, reserved 1048576K
}
Event: 405.984 GC heap before
{Heap before GC invocations=22 (full 3):
 PSYoungGen      total 455168K, used 450471K [0x00000007a0000000, 0x00000007bdc80000, 0x00000007c0000000)
  eden space 442880K, 100% used [0x00000007a0000000,0x00000007bb080000,0x00000007bb080000)
  from space 12288K, 61% used [0x00000007bd080000,0x00000007bd7e9c58,0x00000007bdc80000)
  to   space 22528K, 0% used [0x00000007bb080000,0x00000007bb080000,0x00000007bc680000)
 ParOldGen       total 139776K, used 48281K [0x0000000760000000, 0x0000000768880000, 0x00000007a0000000)
  object space 139776K, 34% used [0x0000000760000000,0x0000000762f264d8,0x0000000768880000)
 Metaspace       used 84684K, capacity 89310K, committed 89688K, reserved 1126400K
  class space    used 11175K, capacity 12035K, committed 12160K, reserved 1048576K
Event: 406.012 GC heap after
Heap after GC invocations=22 (full 3):
 PSYoungGen      total 432128K, used 7111K [0x00000007a0000000, 0x00000007bd100000, 0x00000007c0000000)
  eden space 424960K, 0% used [0x00000007a0000000,0x00000007a0000000,0x00000007b9f00000)
  from space 7168K, 99% used [0x00000007bb080000,0x00000007bb771c38,0x00000007bb780000)
  to   space 22016K, 0% used [0x00000007bbb80000,0x00000007bbb80000,0x00000007bd100000)
 ParOldGen       total 139776K, used 48289K [0x0000000760000000, 0x0000000768880000, 0x00000007a0000000)
  object space 139776K, 34% used [0x0000000760000000,0x0000000762f284d8,0x0000000768880000)
 Metaspace       used 84684K, capacity 89310K, committed 89688K, reserved 1126400K
  class space    used 11175K, capacity 12035K, committed 12160K, reserved 1048576K
}
Event: 505.774 GC heap before
{Heap before GC invocations=23 (full 3):
 PSYoungGen      total 432128K, used 432071K [0x00000007a0000000, 0x00000007bd100000, 0x00000007c0000000)
  eden space 424960K, 100% used [0x00000007a0000000,0x00000007b9f00000,0x00000007b9f00000)
  from space 7168K, 99% used [0x00000007bb080000,0x00000007bb771c38,0x00000007bb780000)
  to   space 22016K, 0% used [0x00000007bbb80000,0x00000007bbb80000,0x00000007bd100000)
 ParOldGen       total 139776K, used 48289K [0x0000000760000000, 0x0000000768880000, 0x00000007a0000000)
  object space 139776K, 34% used [0x0000000760000000,0x0000000762f284d8,0x0000000768880000)
 Metaspace       used 85314K, capacity 90408K, committed 90584K, reserved 1128448K
  class space    used 11262K, capacity 12196K, committed 12288K, reserved 1048576K
Event: 505.799 GC heap after
Heap after GC invocations=23 (full 3):
 PSYoungGen      total 414720K, used 6455K [0x00000007a0000000, 0x00000007bc200000, 0x00000007c0000000)
  eden space 408064K, 0% used [0x00000007a0000000,0x00000007a0000000,0x00000007b8e80000)
  from space 6656K, 96% used [0x00000007bbb80000,0x00000007bc1cdca8,0x00000007bc200000)
  to   space 21504K, 0% used [0x00000007b9800000,0x00000007b9800000,0x00000007bad00000)
 ParOldGen       total 139776K, used 48297K [0x0000000760000000, 0x0000000768880000, 0x00000007a0000000)
  object space 139776K, 34% used [0x0000000760000000,0x0000000762f2a4d8,0x0000000768880000)
 Metaspace       used 85314K, capacity 90408K, committed 90584K, reserved 1128448K
  class space    used 11262K, capacity 12196K, committed 12288K, reserved 1048576K
}

Deoptimization events (10 events):
Event: 406.099 Thread 0x00007fdf84624800 Uncommon trap: reason=array_check action=maybe_recompile pc=0x00000001108eed70 method=java.util.TimSort.reverseRange([Ljava/lang/Object;II)V @ 20
Event: 406.151 Thread 0x00007fdf84624800 Uncommon trap: reason=array_check action=maybe_recompile pc=0x000000010f4d37a4 method=java.util.ComparableTimSort.binarySort([Ljava/lang/Object;III)V @ 193
Event: 407.015 Thread 0x00007fdf85edf000 Uncommon trap: reason=bimorphic action=maybe_recompile pc=0x000000011101cbe8 method=java.util.Hashtable.get(Ljava/lang/Object;)Ljava/lang/Object; @ 45
Event: 407.016 Thread 0x00007fdf85edf000 Uncommon trap: reason=bimorphic action=maybe_recompile pc=0x000000011101cbe8 method=java.util.Hashtable.get(Ljava/lang/Object;)Ljava/lang/Object; @ 45
Event: 408.702 Thread 0x00007fdf8890e800 Uncommon trap: reason=unstable_if action=reinterpret pc=0x000000011061b074 method=sun.nio.ch.IOUtil.writeFromNativeBuffer(Ljava/io/FileDescriptor;Ljava/nio/ByteBuffer;JLsun/nio/ch/NativeDispatcher;)I @ 121
Event: 408.702 Thread 0x00007fdf8890e800 Uncommon trap: reason=unstable_if action=reinterpret pc=0x0000000110843d5c method=org.gradle.internal.remote.internal.inet.SocketConnection$SocketOutputStream.writeWithNonBlockingRetry()I @ 41
Event: 409.295 Thread 0x00007fdf85d0e800 Uncommon trap: reason=array_check action=maybe_recompile pc=0x000000011106613c method=java.util.TimSort.reverseRange([Ljava/lang/Object;II)V @ 27
Event: 501.900 Thread 0x00007fdf8890e800 Uncommon trap: reason=null_check action=make_not_entrant pc=0x0000000110f8f4d8 method=org.gradle.api.internal.collections.CollectionFilter.filter(Ljava/lang/Object;)Ljava/lang/Object; @ 5
Event: 502.404 Thread 0x00007fdf88f85800 Uncommon trap: reason=array_check action=maybe_recompile pc=0x000000011106613c method=java.util.TimSort.reverseRange([Ljava/lang/Object;II)V @ 27
Event: 503.720 Thread 0x00007fdf8306e000 Uncommon trap: reason=array_check action=maybe_recompile pc=0x000000010f4d37a4 method=java.util.ComparableTimSort.binarySort([Ljava/lang/Object;III)V @ 193

Classes redefined (0 events):
No events

Internal exceptions (10 events):
Event: 169.981 Thread 0x00007fdf8849e800 Implicit null exception at 0x00000001107d35df to 0x00000001107d5dd5
Event: 169.981 Thread 0x00007fdf8849e800 Implicit null exception at 0x00000001107d0477 to 0x00000001107d09dd
Event: 169.988 Thread 0x00007fdf8849e800 Implicit null exception at 0x00000001107e5849 to 0x00000001107e9bcd
Event: 170.826 Thread 0x00007fdf85dad800 Exception <a 'java/lang/InterruptedException'> (0x00000007b2928700) thrown at [/Volumes/android/AOSP-openjdk-git/jdk8u/hotspot/src/share/vm/runtime/objectMonitor.cpp, line 1684]
Event: 215.449 Thread 0x00007fdf884b8000 Exception <a 'java/lang/InterruptedException'> (0x00000007a3b6fde8) thrown at [/Volumes/android/AOSP-openjdk-git/jdk8u/hotspot/src/share/vm/runtime/objectMonitor.cpp, line 1684]
Event: 265.008 Thread 0x00007fdf85eba800 Exception <a 'java/lang/InterruptedException'> (0x00000007a39e7d40) thrown at [/Volumes/android/AOSP-openjdk-git/jdk8u/hotspot/src/share/vm/runtime/objectMonitor.cpp, line 1684]
Event: 340.512 Thread 0x00007fdf88885000 Exception <a 'java/lang/InterruptedException'> (0x00000007a39dbbd0) thrown at [/Volumes/android/AOSP-openjdk-git/jdk8u/hotspot/src/share/vm/runtime/objectMonitor.cpp, line 1684]
Event: 406.164 Thread 0x00007fdf88412000 Exception <a 'java/lang/InterruptedException'> (0x00000007a1014e48) thrown at [/Volumes/android/AOSP-openjdk-git/jdk8u/hotspot/src/share/vm/runtime/objectMonitor.cpp, line 1684]
Event: 501.900 Thread 0x00007fdf8890e800 Implicit null exception at 0x0000000110f8f381 to 0x0000000110f8f4c5
Event: 503.740 Thread 0x00007fdf85c8e000 Exception <a 'java/lang/InterruptedException'> (0x00000007b8c66e48) thrown at [/Volumes/android/AOSP-openjdk-git/jdk8u/hotspot/src/share/vm/runtime/objectMonitor.cpp, line 1684]

Events (10 events):
Event: 571.934 Executing VM operation: RevokeBias
Event: 571.934 Executing VM operation: RevokeBias done
Event: 571.935 Executing VM operation: RevokeBias
Event: 571.935 Executing VM operation: RevokeBias done
Event: 571.935 Executing VM operation: RevokeBias
Event: 571.935 Executing VM operation: RevokeBias done
Event: 571.935 Executing VM operation: RevokeBias
Event: 571.935 Executing VM operation: RevokeBias done
Event: 571.935 Executing VM operation: BulkRevokeBias
Event: 571.936 Executing VM operation: BulkRevokeBias done


Dynamic libraries:
0x0000000020002000 	/System/Library/Frameworks/Cocoa.framework/Versions/A/Cocoa
0x0000000020002000 	/System/Library/Frameworks/Security.framework/Versions/A/Security
0x0000000020002000 	/System/Library/Frameworks/ApplicationServices.framework/Versions/A/ApplicationServices
0x0000000020002000 	/usr/lib/libz.1.dylib
0x0000000020002000 	/usr/lib/libSystem.B.dylib
0x0000000020002000 	/System/Library/Frameworks/CoreFoundation.framework/Versions/A/CoreFoundation
0x0000000020002000 	/System/Library/Frameworks/Foundation.framework/Versions/C/Foundation
0x0000000020002000 	/usr/lib/libobjc.A.dylib
0x0000000020002000 	/System/Library/Frameworks/AppKit.framework/Versions/C/AppKit
0x0000000020002000 	/System/Library/Frameworks/CoreData.framework/Versions/A/CoreData
0x0000000020002000 	/System/Library/PrivateFrameworks/RemoteViewServices.framework/Versions/A/RemoteViewServices
0x0000000020002000 	/System/Library/PrivateFrameworks/UIFoundation.framework/Versions/A/UIFoundation
0x0000000020002000 	/System/Library/PrivateFrameworks/DFRFoundation.framework/Versions/A/DFRFoundation
0x0000000020002000 	/System/Library/Frameworks/Metal.framework/Versions/A/Metal
0x0000000020002000 	/System/Library/PrivateFrameworks/DesktopServicesPriv.framework/Versions/A/DesktopServicesPriv
0x0000000020002000 	/usr/lib/libenergytrace.dylib
0x0000000020002000 	/System/Library/PrivateFrameworks/SkyLight.framework/Versions/A/SkyLight
0x0000000020002000 	/System/Library/Frameworks/CoreGraphics.framework/Versions/A/CoreGraphics
0x0000000020002000 	/usr/lib/libScreenReader.dylib
0x0000000020002000 	/System/Library/Frameworks/Accelerate.framework/Versions/A/Accelerate
0x0000000020002000 	/System/Library/Frameworks/IOSurface.framework/Versions/A/IOSurface
0x0000000020002000 	/System/Library/Frameworks/AudioToolbox.framework/Versions/A/AudioToolbox
0x0000000020002000 	/System/Library/Frameworks/AudioUnit.framework/Versions/A/AudioUnit
0x0000000020002000 	/System/Library/PrivateFrameworks/DataDetectorsCore.framework/Versions/A/DataDetectorsCore
0x0000000020002000 	/System/Library/Frameworks/Carbon.framework/Versions/A/Frameworks/HIToolbox.framework/Versions/A/HIToolbox
0x0000000020002000 	/usr/lib/libicucore.A.dylib
0x0000000020002000 	/System/Library/Frameworks/QuartzCore.framework/Versions/A/QuartzCore
0x0000000020002000 	/System/Library/Frameworks/Carbon.framework/Versions/A/Frameworks/SpeechRecognition.framework/Versions/A/SpeechRecognition
0x0000000020002000 	/usr/lib/libauto.dylib
0x0000000020002000 	/usr/lib/libxml2.2.dylib
0x0000000020002000 	/System/Library/PrivateFrameworks/CoreUI.framework/Versions/A/CoreUI
0x0000000020002000 	/System/Library/Frameworks/CoreAudio.framework/Versions/A/CoreAudio
0x0000000020002000 	/System/Library/Frameworks/DiskArbitration.framework/Versions/A/DiskArbitration
0x0000000020002000 	/usr/lib/liblangid.dylib
0x0000000020002000 	/System/Library/PrivateFrameworks/MultitouchSupport.framework/Versions/A/MultitouchSupport
0x0000000020002000 	/System/Library/Frameworks/IOKit.framework/Versions/A/IOKit
0x0000000020002000 	/usr/lib/libDiagnosticMessagesClient.dylib
0x0000000020002000 	/System/Library/Frameworks/CoreServices.framework/Versions/A/CoreServices
0x0000000020002000 	/System/Library/PrivateFrameworks/PerformanceAnalysis.framework/Versions/A/PerformanceAnalysis
0x0000000020002000 	/System/Library/Frameworks/OpenGL.framework/Versions/A/OpenGL
0x0000000020002000 	/System/Library/Frameworks/ColorSync.framework/Versions/A/ColorSync
0x0000000020002000 	/System/Library/Frameworks/CoreImage.framework/Versions/A/CoreImage
0x0000000020002000 	/System/Library/Frameworks/CoreText.framework/Versions/A/CoreText
0x0000000020002000 	/System/Library/Frameworks/ImageIO.framework/Versions/A/ImageIO
0x0000000020002000 	/System/Library/PrivateFrameworks/Backup.framework/Versions/A/Backup
0x0000000020002000 	/usr/lib/libarchive.2.dylib
0x0000000020002000 	/System/Library/Frameworks/CFNetwork.framework/Versions/A/CFNetwork
0x0000000020002000 	/System/Library/Frameworks/SystemConfiguration.framework/Versions/A/SystemConfiguration
0x0000000020002000 	/usr/lib/libCRFSuite.dylib
0x0000000020002000 	/usr/lib/libc++.1.dylib
0x0000000020002000 	/usr/lib/libc++abi.dylib
0x0000000020002000 	/usr/lib/system/libcache.dylib
0x0000000020002000 	/usr/lib/system/libcommonCrypto.dylib
0x0000000020002000 	/usr/lib/system/libcompiler_rt.dylib
0x0000000020002000 	/usr/lib/system/libcopyfile.dylib
0x0000000020002000 	/usr/lib/system/libcorecrypto.dylib
0x0000000020002000 	/usr/lib/system/libdispatch.dylib
0x0000000020002000 	/usr/lib/system/libdyld.dylib
0x0000000020002000 	/usr/lib/system/libkeymgr.dylib
0x0000000020002000 	/usr/lib/system/liblaunch.dylib
0x0000000020002000 	/usr/lib/system/libmacho.dylib
0x0000000020002000 	/usr/lib/system/libquarantine.dylib
0x0000000020002000 	/usr/lib/system/libremovefile.dylib
0x0000000020002000 	/usr/lib/system/libsystem_asl.dylib
0x0000000020002000 	/usr/lib/system/libsystem_blocks.dylib
0x0000000020002000 	/usr/lib/system/libsystem_c.dylib
0x0000000020002000 	/usr/lib/system/libsystem_configuration.dylib
0x0000000020002000 	/usr/lib/system/libsystem_coreservices.dylib
0x0000000020002000 	/usr/lib/system/libsystem_darwin.dylib
0x0000000020002000 	/usr/lib/system/libsystem_dnssd.dylib
0x0000000020002000 	/usr/lib/system/libsystem_info.dylib
0x0000000020002000 	/usr/lib/system/libsystem_m.dylib
0x0000000020002000 	/usr/lib/system/libsystem_malloc.dylib
0x0000000020002000 	/usr/lib/system/libsystem_network.dylib
0x0000000020002000 	/usr/lib/system/libsystem_networkextension.dylib
0x0000000020002000 	/usr/lib/system/libsystem_notify.dylib
0x0000000020002000 	/usr/lib/system/libsystem_sandbox.dylib
0x0000000020002000 	/usr/lib/system/libsystem_secinit.dylib
0x0000000020002000 	/usr/lib/system/libsystem_kernel.dylib
0x0000000020002000 	/usr/lib/system/libsystem_platform.dylib
0x0000000020002000 	/usr/lib/system/libsystem_pthread.dylib
0x0000000020002000 	/usr/lib/system/libsystem_symptoms.dylib
0x0000000020002000 	/usr/lib/system/libsystem_trace.dylib
0x0000000020002000 	/usr/lib/system/libunwind.dylib
0x0000000020002000 	/usr/lib/system/libxpc.dylib
0x0000000020002000 	/usr/lib/closure/libclosured.dylib
0x0000000020002000 	/usr/lib/libbsm.0.dylib
0x0000000020002000 	/usr/lib/system/libkxld.dylib
0x0000000020002000 	/usr/lib/libOpenScriptingUtil.dylib
0x0000000020002000 	/usr/lib/libcoretls.dylib
0x0000000020002000 	/usr/lib/libcoretls_cfhelpers.dylib
0x0000000020002000 	/usr/lib/libpam.2.dylib
0x0000000020002000 	/usr/lib/libsqlite3.dylib
0x0000000020002000 	/usr/lib/libxar.1.dylib
0x0000000020002000 	/usr/lib/libbz2.1.0.dylib
0x0000000020002000 	/usr/lib/liblzma.5.dylib
0x0000000020002000 	/usr/lib/libnetwork.dylib
0x0000000020002000 	/usr/lib/libapple_nghttp2.dylib
0x0000000020002000 	/usr/lib/libpcap.A.dylib
0x0000000020002000 	/usr/lib/libboringssl.dylib
0x0000000020002000 	/usr/lib/libusrtcp.dylib
0x0000000020002000 	/usr/lib/libapple_crypto.dylib
0x0000000020002000 	/System/Library/Frameworks/CoreServices.framework/Versions/A/Frameworks/FSEvents.framework/Versions/A/FSEvents
0x0000000020002000 	/System/Library/Frameworks/CoreServices.framework/Versions/A/Frameworks/CarbonCore.framework/Versions/A/CarbonCore
0x0000000020002000 	/System/Library/Frameworks/CoreServices.framework/Versions/A/Frameworks/Metadata.framework/Versions/A/Metadata
0x0000000020002000 	/System/Library/Frameworks/CoreServices.framework/Versions/A/Frameworks/OSServices.framework/Versions/A/OSServices
0x0000000020002000 	/System/Library/Frameworks/CoreServices.framework/Versions/A/Frameworks/SearchKit.framework/Versions/A/SearchKit
0x0000000020002000 	/System/Library/Frameworks/CoreServices.framework/Versions/A/Frameworks/AE.framework/Versions/A/AE
0x0000000020002000 	/System/Library/Frameworks/CoreServices.framework/Versions/A/Frameworks/LaunchServices.framework/Versions/A/LaunchServices
0x0000000020002000 	/System/Library/Frameworks/CoreServices.framework/Versions/A/Frameworks/DictionaryServices.framework/Versions/A/DictionaryServices
0x0000000020002000 	/System/Library/Frameworks/CoreServices.framework/Versions/A/Frameworks/SharedFileList.framework/Versions/A/SharedFileList
0x0000000020002000 	/System/Library/Frameworks/NetFS.framework/Versions/A/NetFS
0x0000000020002000 	/System/Library/PrivateFrameworks/NetAuth.framework/Versions/A/NetAuth
0x0000000020002000 	/System/Library/PrivateFrameworks/login.framework/Versions/A/Frameworks/loginsupport.framework/Versions/A/loginsupport
0x0000000020002000 	/System/Library/PrivateFrameworks/TCC.framework/Versions/A/TCC
0x0000000020002000 	/usr/lib/libmecabra.dylib
0x0000000020002000 	/System/Library/Frameworks/ApplicationServices.framework/Versions/A/Frameworks/ATS.framework/Versions/A/ATS
0x0000000020002000 	/System/Library/Frameworks/ApplicationServices.framework/Versions/A/Frameworks/ColorSyncLegacy.framework/Versions/A/ColorSyncLegacy
0x0000000020002000 	/System/Library/Frameworks/ApplicationServices.framework/Versions/A/Frameworks/HIServices.framework/Versions/A/HIServices
0x0000000020002000 	/System/Library/Frameworks/ApplicationServices.framework/Versions/A/Frameworks/LangAnalysis.framework/Versions/A/LangAnalysis
0x0000000020002000 	/System/Library/Frameworks/ApplicationServices.framework/Versions/A/Frameworks/PrintCore.framework/Versions/A/PrintCore
0x0000000020002000 	/System/Library/Frameworks/ApplicationServices.framework/Versions/A/Frameworks/QD.framework/Versions/A/QD
0x0000000020002000 	/System/Library/Frameworks/ApplicationServices.framework/Versions/A/Frameworks/SpeechSynthesis.framework/Versions/A/SpeechSynthesis
0x0000000020002000 	/System/Library/Frameworks/CoreDisplay.framework/Versions/A/CoreDisplay
0x0000000020002000 	/System/Library/Frameworks/Accelerate.framework/Versions/A/Frameworks/vImage.framework/Versions/A/vImage
0x0000000020002000 	/System/Library/Frameworks/Accelerate.framework/Versions/A/Frameworks/vecLib.framework/Versions/A/vecLib
0x0000000020002000 	/System/Library/Frameworks/Accelerate.framework/Versions/A/Frameworks/vecLib.framework/Versions/A/libvDSP.dylib
0x0000000020002000 	/System/Library/Frameworks/Accelerate.framework/Versions/A/Frameworks/vecLib.framework/Versions/A/libBNNS.dylib
0x0000000020002000 	/System/Library/Frameworks/Accelerate.framework/Versions/A/Frameworks/vecLib.framework/Versions/A/libQuadrature.dylib
0x0000000020002000 	/System/Library/Frameworks/Accelerate.framework/Versions/A/Frameworks/vecLib.framework/Versions/A/libvMisc.dylib
0x0000000020002000 	/System/Library/Frameworks/Accelerate.framework/Versions/A/Frameworks/vecLib.framework/Versions/A/libLAPACK.dylib
0x0000000020002000 	/System/Library/Frameworks/Accelerate.framework/Versions/A/Frameworks/vecLib.framework/Versions/A/libBLAS.dylib
0x0000000020002000 	/System/Library/Frameworks/Accelerate.framework/Versions/A/Frameworks/vecLib.framework/Versions/A/libLinearAlgebra.dylib
0x0000000020002000 	/System/Library/Frameworks/Accelerate.framework/Versions/A/Frameworks/vecLib.framework/Versions/A/libSparse.dylib
0x0000000020002000 	/System/Library/Frameworks/Accelerate.framework/Versions/A/Frameworks/vecLib.framework/Versions/A/libSparseBLAS.dylib
0x0000000020002000 	/System/Library/PrivateFrameworks/IOAccelerator.framework/Versions/A/IOAccelerator
0x0000000020002000 	/System/Library/PrivateFrameworks/IOPresentment.framework/Versions/A/IOPresentment
0x0000000020002000 	/System/Library/PrivateFrameworks/DSExternalDisplay.framework/Versions/A/DSExternalDisplay
0x0000000020002000 	/System/Library/Frameworks/OpenGL.framework/Versions/A/Libraries/libCoreFSCache.dylib
0x0000000020002000 	/System/Library/Frameworks/CoreVideo.framework/Versions/A/CoreVideo
0x0000000020002000 	/System/Library/PrivateFrameworks/GraphVisualizer.framework/Versions/A/GraphVisualizer
0x0000000020002000 	/System/Library/Frameworks/MetalPerformanceShaders.framework/Versions/A/MetalPerformanceShaders
0x0000000020002000 	/usr/lib/libFosl_dynamic.dylib
0x0000000020002000 	/System/Library/PrivateFrameworks/FaceCore.framework/Versions/A/FaceCore
0x0000000020002000 	/System/Library/Frameworks/OpenCL.framework/Versions/A/OpenCL
0x0000000020002000 	/usr/lib/libcompression.dylib
0x0000000020002000 	/System/Library/Frameworks/ApplicationServices.framework/Versions/A/Frameworks/ATS.framework/Versions/A/Resources/libFontParser.dylib
0x0000000020002000 	/System/Library/Frameworks/ApplicationServices.framework/Versions/A/Frameworks/ATS.framework/Versions/A/Resources/libFontRegistry.dylib
0x0000000020002000 	/System/Library/Frameworks/ImageIO.framework/Versions/A/Resources/libJPEG.dylib
0x0000000020002000 	/System/Library/Frameworks/ImageIO.framework/Versions/A/Resources/libTIFF.dylib
0x0000000020002000 	/System/Library/Frameworks/ImageIO.framework/Versions/A/Resources/libPng.dylib
0x0000000020002000 	/System/Library/Frameworks/ImageIO.framework/Versions/A/Resources/libGIF.dylib
0x0000000020002000 	/System/Library/Frameworks/ImageIO.framework/Versions/A/Resources/libJP2.dylib
0x0000000020002000 	/System/Library/Frameworks/ImageIO.framework/Versions/A/Resources/libRadiance.dylib
0x0000000020002000 	/System/Library/PrivateFrameworks/AppleJPEG.framework/Versions/A/AppleJPEG
0x0000000020002000 	/System/Library/PrivateFrameworks/MetalTools.framework/Versions/A/MetalTools
0x0000000020002000 	/System/Library/Frameworks/MetalPerformanceShaders.framework/Frameworks/MPSCore.framework/Versions/A/MPSCore
0x0000000020002000 	/System/Library/Frameworks/MetalPerformanceShaders.framework/Frameworks/MPSImage.framework/Versions/A/MPSImage
0x0000000020002000 	/System/Library/Frameworks/MetalPerformanceShaders.framework/Frameworks/MPSMatrix.framework/Versions/A/MPSMatrix
0x0000000020002000 	/System/Library/Frameworks/MetalPerformanceShaders.framework/Frameworks/MPSNeuralNetwork.framework/Versions/A/MPSNeuralNetwork
0x0000000020002000 	/System/Library/Frameworks/OpenGL.framework/Versions/A/Libraries/libGLU.dylib
0x0000000020002000 	/System/Library/Frameworks/OpenGL.framework/Versions/A/Libraries/libGFXShared.dylib
0x0000000020002000 	/System/Library/Frameworks/OpenGL.framework/Versions/A/Libraries/libGL.dylib
0x0000000020002000 	/System/Library/Frameworks/OpenGL.framework/Versions/A/Libraries/libGLImage.dylib
0x0000000020002000 	/System/Library/Frameworks/OpenGL.framework/Versions/A/Libraries/libCVMSPluginSupport.dylib
0x0000000020002000 	/System/Library/Frameworks/OpenGL.framework/Versions/A/Libraries/libCoreVMClient.dylib
0x0000000020002000 	/usr/lib/libcups.2.dylib
0x0000000020002000 	/System/Library/Frameworks/Kerberos.framework/Versions/A/Kerberos
0x0000000020002000 	/System/Library/Frameworks/GSS.framework/Versions/A/GSS
0x0000000020002000 	/usr/lib/libresolv.9.dylib
0x0000000020002000 	/usr/lib/libiconv.2.dylib
0x0000000020002000 	/System/Library/PrivateFrameworks/Heimdal.framework/Versions/A/Heimdal
0x0000000020002000 	/usr/lib/libheimdal-asn1.dylib
0x0000000020002000 	/System/Library/Frameworks/OpenDirectory.framework/Versions/A/OpenDirectory
0x0000000020002000 	/System/Library/PrivateFrameworks/CommonAuth.framework/Versions/A/CommonAuth
0x0000000020002000 	/System/Library/Frameworks/OpenDirectory.framework/Versions/A/Frameworks/CFOpenDirectory.framework/Versions/A/CFOpenDirectory
0x0000000020002000 	/System/Library/Frameworks/SecurityFoundation.framework/Versions/A/SecurityFoundation
0x0000000020002000 	/System/Library/PrivateFrameworks/APFS.framework/Versions/A/APFS
0x0000000020002000 	/usr/lib/libutil.dylib
0x0000000020002000 	/System/Library/PrivateFrameworks/AppleSauce.framework/Versions/A/AppleSauce
0x0000000020002000 	/System/Library/PrivateFrameworks/LinguisticData.framework/Versions/A/LinguisticData
0x0000000020002000 	/usr/lib/libmarisa.dylib
0x0000000020002000 	/System/Library/PrivateFrameworks/Lexicon.framework/Versions/A/Lexicon
0x0000000020002000 	/usr/lib/libChineseTokenizer.dylib
0x0000000020002000 	/usr/lib/libcmph.dylib
0x0000000020002000 	/System/Library/PrivateFrameworks/LanguageModeling.framework/Versions/A/LanguageModeling
0x0000000020002000 	/System/Library/PrivateFrameworks/CoreEmoji.framework/Versions/A/CoreEmoji
0x0000000020002000 	/System/Library/Frameworks/ServiceManagement.framework/Versions/A/ServiceManagement
0x0000000020002000 	/System/Library/PrivateFrameworks/BackgroundTaskManagement.framework/Versions/A/BackgroundTaskManagement
0x0000000020002000 	/usr/lib/libxslt.1.dylib
0x0000000020002000 	/System/Library/Frameworks/Carbon.framework/Versions/A/Frameworks/Ink.framework/Versions/A/Ink
0x0000000020002000 	/System/Library/PrivateFrameworks/TextureIO.framework/Versions/A/TextureIO
0x0000000020002000 	/usr/lib/libate.dylib
0x0000000020002000 	/System/Library/PrivateFrameworks/CrashReporterSupport.framework/Versions/A/CrashReporterSupport
0x0000000020002000 	/System/Library/PrivateFrameworks/Sharing.framework/Versions/A/Sharing
0x0000000020002000 	/System/Library/PrivateFrameworks/IconServices.framework/Versions/A/IconServices
0x0000000020002000 	/System/Library/PrivateFrameworks/ProtocolBuffer.framework/Versions/A/ProtocolBuffer
0x0000000020002000 	/System/Library/PrivateFrameworks/Apple80211.framework/Versions/A/Apple80211
0x0000000020002000 	/System/Library/Frameworks/CoreWLAN.framework/Versions/A/CoreWLAN
0x0000000020002000 	/System/Library/PrivateFrameworks/CoreUtils.framework/Versions/A/CoreUtils
0x0000000020002000 	/System/Library/Frameworks/IOBluetooth.framework/Versions/A/IOBluetooth
0x0000000020002000 	/System/Library/PrivateFrameworks/CoreWiFi.framework/Versions/A/CoreWiFi
0x0000000020002000 	/System/Library/Frameworks/CoreBluetooth.framework/Versions/A/CoreBluetooth
0x0000000020002000 	/System/Library/PrivateFrameworks/SignpostNotification.framework/Versions/A/SignpostNotification
0x0000000020002000 	/System/Library/PrivateFrameworks/DebugSymbols.framework/Versions/A/DebugSymbols
0x0000000020002000 	/System/Library/PrivateFrameworks/CoreSymbolication.framework/Versions/A/CoreSymbolication
0x0000000020002000 	/System/Library/PrivateFrameworks/Symbolication.framework/Versions/A/Symbolication
0x0000000020002000 	/System/Library/PrivateFrameworks/AppleFSCompression.framework/Versions/A/AppleFSCompression
0x0000000020002000 	/System/Library/PrivateFrameworks/SpeechRecognitionCore.framework/Versions/A/SpeechRecognitionCore
0x000000010ce00000 	/Applications/Android Studio.app/Contents/jre/jdk/Contents/Home/jre/lib/server/libjvm.dylib
0x0000000020002000 	/usr/lib/libstdc++.6.0.9.dylib
0x000000010c53e000 	/Applications/Android Studio.app/Contents/jre/jdk/Contents/Home/jre/lib/libverify.dylib
0x000000010c54a000 	/Applications/Android Studio.app/Contents/jre/jdk/Contents/Home/jre/lib/libjava.dylib
0x000000010c5c8000 	/Applications/Android Studio.app/Contents/jre/jdk/Contents/Home/jre/lib/libzip.dylib
0x00000001224d5000 	/Applications/Android Studio.app/Contents/jre/jdk/Contents/Home/jre/lib/libnet.dylib
0x00000001225af000 	/Applications/Android Studio.app/Contents/jre/jdk/Contents/Home/jre/lib/libnio.dylib
0x000000012267e000 	/Users/sarahkurdoghlian/.gradle/native/25/osx-amd64/libnative-platform.dylib
0x0000000122b20000 	/Applications/Android Studio.app/Contents/jre/jdk/Contents/Home/jre/lib/libmanagement.dylib
0x00000001223ef000 	/private/var/folders/y5/9xzj4nvj48gc9mfpwsqr2cvc0000gn/T/native-platform8298899287617160653dir/libnative-platform.dylib

VM Arguments:
jvm_args: -Xmx1536m -Dfile.encoding=UTF-8 -Duser.country=US -Duser.language=en -Duser.variant 
java_command: org.gradle.launcher.daemon.bootstrap.GradleDaemon 4.4
java_class_path (initial): /Users/sarahkurdoghlian/.gradle/wrapper/dists/gradle-4.4-all/9br9xq1tocpiv8o6njlyu5op1/gradle-4.4/lib/gradle-launcher-4.4.jar
Launcher Type: SUN_STANDARD

Environment Variables:
PATH=/Library/Frameworks/Python.framework/Versions/3.6/bin:/Library/Frameworks/Python.framework/Versions/3.6/bin:/Library/Frameworks/Python.framework/Versions/2.7/bin:/Users/sarahkurdoghlian/SLOHacks/google-cloud-sdk/bin:/usr/local/bin:/usr/bin:/bin:/usr/sbin:/sbin:/Library/Frameworks/Mono.framework/Versions/Current/Commands
SHELL=/bin/bash

Signal Handlers:
SIGSEGV: [libjvm.dylib+0x53f567], sa_mask[0]=11111111011111110111111111111111, sa_flags=SA_ONSTACK|SA_RESTART|SA_SIGINFO
SIGBUS: [libjvm.dylib+0x53f567], sa_mask[0]=11111111011111110111111111111111, sa_flags=SA_RESTART|SA_SIGINFO
SIGFPE: [libjvm.dylib+0x437adf], sa_mask[0]=11111111011111110111111111111111, sa_flags=SA_RESTART|SA_SIGINFO
SIGPIPE: [libjvm.dylib+0x437adf], sa_mask[0]=11111111011111110111111111111111, sa_flags=SA_RESTART|SA_SIGINFO
SIGXFSZ: [libjvm.dylib+0x437adf], sa_mask[0]=11111111011111110111111111111111, sa_flags=SA_RESTART|SA_SIGINFO
SIGILL: [libjvm.dylib+0x437adf], sa_mask[0]=11111111011111110111111111111111, sa_flags=SA_RESTART|SA_SIGINFO
SIGUSR1: SIG_DFL, sa_mask[0]=00000000000000000000000000000000, sa_flags=none
SIGUSR2: [libjvm.dylib+0x438404], sa_mask[0]=00100000000000000000000000000000, sa_flags=SA_RESTART|SA_SIGINFO
SIGHUP: [libjvm.dylib+0x4365f9], sa_mask[0]=11111111011111110111111111111111, sa_flags=SA_RESTART|SA_SIGINFO
SIGINT: [libjvm.dylib+0x4365f9], sa_mask[0]=11111111011111110111111111111111, sa_flags=SA_RESTART|SA_SIGINFO
SIGTERM: [libjvm.dylib+0x4365f9], sa_mask[0]=11111111011111110111111111111111, sa_flags=SA_RESTART|SA_SIGINFO
SIGQUIT: [libjvm.dylib+0x4365f9], sa_mask[0]=11111111011111110111111111111111, sa_flags=SA_RESTART|SA_SIGINFO


---------------  S Y S T E M  ---------------

OS:Bsduname:Darwin 17.3.0 Darwin Kernel Version 17.3.0: Thu Nov  9 18:09:22 PST 2017; root:xnu-4570.31.3~1/RELEASE_X86_64 x86_64
rlimit: STACK 8192k, CORE 0k, NPROC 709, NOFILE 10240, AS infinity
load average:3.00 4.75 4.65

CPU:total 4 (initial active 4) (2 cores per cpu, 2 threads per core) family 6 model 142 stepping 9, cmov, cx8, fxsr, mmx, sse, sse2, sse3, ssse3, sse4.1, sse4.2, popcnt, avx, avx2, aes, clmul, erms, rtm, 3dnowpref, lzcnt, ht, tsc, tscinvbit, bmi1, bmi2, adx

Memory: 4k page, physical 8388608k(17528k free)

/proc/meminfo:


vm_info: OpenJDK 64-Bit Server VM (25.152-b01) for bsd-amd64 JRE (1.8.0_152-release-1024-b01), built by "builder" with gcc 4.2.1 Compatible Apple LLVM 8.1.0 (clang-802.0.42)

time: Thu Sep 27 22:05:15 2018
elapsed time: 571 seconds (0d 0h 9m 31s)

